[19183:19183:0117/125227.239912:WARNING:chrome_main_delegate.cc(672)] This is Chrome version 131.0.6778.139 (not a warning)
[19183:19183:0117/125227.374251:WARNING:account_consistency_mode_manager.cc(77)] Desktop Identity Consistency cannot be enabled as no OAuth client ID and client secret have been configured.
[19226:19226:0117/125227.421414:WARNING:sandbox_linux.cc(430)] InitializeSandbox() called with multiple threads in process gpu-process.
[19226:19226:0117/125227.422087:WARNING:viz_main_impl.cc(85)] VizNullHypothesis is disabled (not a warning)
[19183:19183:0117/125227.670881:ERROR:object_proxy.cc(576)] Failed to call method: org.freedesktop.ScreenSaver.GetActive: object_path= /org/freedesktop/ScreenSaver: org.freedesktop.DBus.Error.NotSupported: This method is not part of the idle inhibition specification: https://specifications.freedesktop.org/idle-inhibit-spec/latest/
[19183:19183:0117/125228.918938:INFO:CONSOLE(17)] "Opti: Disabled Snippet", source: https://cdn.optimizely.com/js/24721610109.js (17)
[19183:19183:0117/125228.919009:INFO:CONSOLE(23)] "Opti: The URL does not contain 'try.scribd.com' or 'prueba.scribd.com'", source: https://cdn.optimizely.com/js/24721610109.js (23)
[19183:19183:0117/125228.919177:INFO:CONSOLE(25)] "Opti: The cookie does not exist.", source: https://cdn.optimizely.com/js/24721610109.js (25)
[19183:19183:0117/125228.919216:INFO:CONSOLE(17)] "Opti: Disabled Snippet", source: https://cdn.optimizely.com/js/24721610109.js (17)
[19183:19183:0117/125229.152943:INFO:CONSOLE(0)] "Access to XMLHttpRequest at 'https://s.yimg.com/wi/config/10143699.json' from origin 'https://www.scribd.com' has been blocked by CORS policy: No 'Access-Control-Allow-Origin' header is present on the requested resource.", source: https://www.scribd.com/ (0)
[19249:19290:0117/125232.349429:WARNING:spdy_session.cc(2975)] Received HEADERS for invalid stream 3
[19183:19183:0117/125239.214713:INFO:CONSOLE(0)] "Failed to decode downloaded font: https://fonts.googleapis.com/css?family=Source+Sans+Pro", source: https://auth.scribd.com/u/login?state=hKFo2SBUSklmcld6TW5yNlZOV3Z6aWwzRndZRTdzQl9tZ2R2TqFur3VuaXZlcnNhbC1sb2dpbqN0aWTZIDRoQS0zanJGRjJwVHlCZm1FVjBpY3daYTZ0Z1BEazl1o2NpZNkgZ3ljN3lyZnpzdkpmaXd5bHNlYXU4Y3g5dVZhb2FOU1A&ui_locales=en (0)
[19183:19183:0117/125239.214837:INFO:CONSOLE(0)] "OTS parsing error: invalid sfntVersion: 791289955", source: https://auth.scribd.com/u/login?state=hKFo2SBUSklmcld6TW5yNlZOV3Z6aWwzRndZRTdzQl9tZ2R2TqFur3VuaXZlcnNhbC1sb2dpbqN0aWTZIDRoQS0zanJGRjJwVHlCZm1FVjBpY3daYTZ0Z1BEazl1o2NpZNkgZ3ljN3lyZnpzdkpmaXd5bHNlYXU4Y3g5dVZhb2FOU1A&ui_locales=en (0)
[19183:19183:0117/125239.214890:INFO:CONSOLE(0)] "Failed to decode downloaded font: https://fonts.googleapis.com/css?family=Source+Sans+Pro", source: https://auth.scribd.com/u/login?state=hKFo2SBUSklmcld6TW5yNlZOV3Z6aWwzRndZRTdzQl9tZ2R2TqFur3VuaXZlcnNhbC1sb2dpbqN0aWTZIDRoQS0zanJGRjJwVHlCZm1FVjBpY3daYTZ0Z1BEazl1o2NpZNkgZ3ljN3lyZnpzdkpmaXd5bHNlYXU4Y3g5dVZhb2FOU1A&ui_locales=en (0)
[19183:19183:0117/125239.214920:INFO:CONSOLE(0)] "OTS parsing error: invalid sfntVersion: 791289955", source: https://auth.scribd.com/u/login?state=hKFo2SBUSklmcld6TW5yNlZOV3Z6aWwzRndZRTdzQl9tZ2R2TqFur3VuaXZlcnNhbC1sb2dpbqN0aWTZIDRoQS0zanJGRjJwVHlCZm1FVjBpY3daYTZ0Z1BEazl1o2NpZNkgZ3ljN3lyZnpzdkpmaXd5bHNlYXU4Y3g5dVZhb2FOU1A&ui_locales=en (0)
[19183:19183:0117/125252.573327:WARNING:browser_main_loop.cc(281)] <unknown>: atk-bridge: get_device_events_reply: unknown signature
[19183:19183:0117/125305.953053:INFO:CONSOLE(721)] "Failed to decode downloaded font: https://fonts.googleapis.com/css?family=Source+Sans+Pro", source: https://auth.scribd.com/u/mfa-email-challenge?state=hKFo2SBQV1FhMWZpeDhjRWhobWY1OWRVYTFDYVNTTkVNSU9ON6FusG1mYS1hdXRoZW50aWNhdGWjdGlk2SA0aEEtM2pyRkYycFR5QmZtRVYwaWN3WmE2dGdQRGs5daNjaWTZIGd5Yzd5cmZ6c3ZKZml3eWxzZWF1OGN4OXVWYW9hTlNQ&ui_locales=en (721)
[19183:19183:0117/125305.953146:INFO:CONSOLE(721)] "OTS parsing error: invalid sfntVersion: 791289955", source: https://auth.scribd.com/u/mfa-email-challenge?state=hKFo2SBQV1FhMWZpeDhjRWhobWY1OWRVYTFDYVNTTkVNSU9ON6FusG1mYS1hdXRoZW50aWNhdGWjdGlk2SA0aEEtM2pyRkYycFR5QmZtRVYwaWN3WmE2dGdQRGs5daNjaWTZIGd5Yzd5cmZ6c3ZKZml3eWxzZWF1OGN4OXVWYW9hTlNQ&ui_locales=en (721)
[19183:19183:0117/125305.953197:INFO:CONSOLE(721)] "Failed to decode downloaded font: https://fonts.googleapis.com/css?family=Source+Sans+Pro", source: https://auth.scribd.com/u/mfa-email-challenge?state=hKFo2SBQV1FhMWZpeDhjRWhobWY1OWRVYTFDYVNTTkVNSU9ON6FusG1mYS1hdXRoZW50aWNhdGWjdGlk2SA0aEEtM2pyRkYycFR5QmZtRVYwaWN3WmE2dGdQRGs5daNjaWTZIGd5Yzd5cmZ6c3ZKZml3eWxzZWF1OGN4OXVWYW9hTlNQ&ui_locales=en (721)
[19183:19183:0117/125305.953232:INFO:CONSOLE(721)] "OTS parsing error: invalid sfntVersion: 791289955", source: https://auth.scribd.com/u/mfa-email-challenge?state=hKFo2SBQV1FhMWZpeDhjRWhobWY1OWRVYTFDYVNTTkVNSU9ON6FusG1mYS1hdXRoZW50aWNhdGWjdGlk2SA0aEEtM2pyRkYycFR5QmZtRVYwaWN3WmE2dGdQRGs5daNjaWTZIGd5Yzd5cmZ6c3ZKZml3eWxzZWF1OGN4OXVWYW9hTlNQ&ui_locales=en (721)
[19183:19183:0117/125321.231518:INFO:CONSOLE(11)] "Access to XMLHttpRequest at 'https://s.yimg.com/wi/config/10143699.json' from origin 'https://www.scribd.com' has been blocked by CORS policy: No 'Access-Control-Allow-Origin' header is present on the requested resource.", source: https://www.scribd.com/home (11)
[19183:19183:0117/125322.063767:INFO:CONSOLE(2)] "Opti: Disabled Snippet", source: https://browser.sentry-cdn.com/7.19.0/bundle.min.js (2)
[19183:19183:0117/125322.063830:INFO:CONSOLE(2)] "Opti: The URL does not contain 'try.scribd.com' or 'prueba.scribd.com'", source: https://browser.sentry-cdn.com/7.19.0/bundle.min.js (2)
[19183:19183:0117/125322.064023:INFO:CONSOLE(2)] "Opti: The cookie does not exist.", source: https://browser.sentry-cdn.com/7.19.0/bundle.min.js (2)
[19183:19183:0117/125322.064072:INFO:CONSOLE(2)] "Opti: Disabled Snippet", source: https://browser.sentry-cdn.com/7.19.0/bundle.min.js (2)
[19183:19183:0117/125325.347404:INFO:CONSOLE(0)] "Access to XMLHttpRequest at 'https://s.yimg.com/wi/config/10143699.json' from origin 'https://www.scribd.com' has been blocked by CORS policy: No 'Access-Control-Allow-Origin' header is present on the requested resource.", source: https://www.scribd.com/docs (0)
[19183:19183:0117/125325.407421:INFO:CONSOLE(2)] "Opti: Disabled Snippet", source: https://browser.sentry-cdn.com/7.19.0/bundle.min.js (2)
[19183:19183:0117/125325.407485:INFO:CONSOLE(2)] "Opti: The URL does not contain 'try.scribd.com' or 'prueba.scribd.com'", source: https://browser.sentry-cdn.com/7.19.0/bundle.min.js (2)
[19183:19183:0117/125325.407659:INFO:CONSOLE(2)] "Opti: The cookie does not exist.", source: https://browser.sentry-cdn.com/7.19.0/bundle.min.js (2)
[19183:19183:0117/125325.407694:INFO:CONSOLE(2)] "Opti: Disabled Snippet", source: https://browser.sentry-cdn.com/7.19.0/bundle.min.js (2)
[19183:19183:0117/125329.297660:INFO:CONSOLE(0)] "Access to XMLHttpRequest at 'https://s.yimg.com/wi/config/10143699.json' from origin 'https://www.scribd.com' has been blocked by CORS policy: No 'Access-Control-Allow-Origin' header is present on the requested resource.", source: https://www.scribd.com/search?query=medical%20insurance%20covers%20injuries (0)
[19183:19183:0117/125329.810518:INFO:CONSOLE(17)] "Opti: Disabled Snippet", source: https://cdn.optimizely.com/js/24721610109.js (17)
[19183:19183:0117/125329.810609:INFO:CONSOLE(23)] "Opti: The URL does not contain 'try.scribd.com' or 'prueba.scribd.com'", source: https://cdn.optimizely.com/js/24721610109.js (23)
[19183:19183:0117/125329.810724:INFO:CONSOLE(25)] "Opti: The cookie does not exist.", source: https://cdn.optimizely.com/js/24721610109.js (25)
[19183:19183:0117/125329.810775:INFO:CONSOLE(17)] "Opti: Disabled Snippet", source: https://cdn.optimizely.com/js/24721610109.js (17)
[19183:19183:0117/125343.231671:INFO:CONSOLE(0)] "Access to XMLHttpRequest at 'https://s.yimg.com/wi/config/10143699.json' from origin 'https://www.scribd.com' has been blocked by CORS policy: No 'Access-Control-Allow-Origin' header is present on the requested resource.", source: https://www.scribd.com/docs (0)
[19183:19183:0117/125343.264491:INFO:CONSOLE(2)] "Opti: Disabled Snippet", source: https://browser.sentry-cdn.com/7.19.0/bundle.min.js (2)
[19183:19183:0117/125343.264610:INFO:CONSOLE(2)] "Opti: The URL does not contain 'try.scribd.com' or 'prueba.scribd.com'", source: https://browser.sentry-cdn.com/7.19.0/bundle.min.js (2)
[19183:19183:0117/125343.264877:INFO:CONSOLE(2)] "Opti: The cookie does not exist.", source: https://browser.sentry-cdn.com/7.19.0/bundle.min.js (2)
[19183:19183:0117/125343.264926:INFO:CONSOLE(2)] "Opti: Disabled Snippet", source: https://browser.sentry-cdn.com/7.19.0/bundle.min.js (2)
[19183:19183:0117/125347.139960:INFO:CONSOLE(0)] "Access to XMLHttpRequest at 'https://s.yimg.com/wi/config/10143699.json' from origin 'https://www.scribd.com' has been blocked by CORS policy: No 'Access-Control-Allow-Origin' header is present on the requested resource.", source: https://www.scribd.com/search?query=health%20insurance%20medical%20insurance%20illnesses (0)
[19183:19183:0117/125347.242362:INFO:CONSOLE(17)] "Opti: Disabled Snippet", source: https://cdn.optimizely.com/js/24721610109.js (17)
[19183:19183:0117/125347.242427:INFO:CONSOLE(23)] "Opti: The URL does not contain 'try.scribd.com' or 'prueba.scribd.com'", source: https://cdn.optimizely.com/js/24721610109.js (23)
[19183:19183:0117/125347.242649:INFO:CONSOLE(25)] "Opti: The cookie does not exist.", source: https://cdn.optimizely.com/js/24721610109.js (25)
[19183:19183:0117/125347.242690:INFO:CONSOLE(17)] "Opti: Disabled Snippet", source: https://cdn.optimizely.com/js/24721610109.js (17)
[19183:19183:0117/125359.729365:INFO:CONSOLE(0)] "Access to XMLHttpRequest at 'https://s.yimg.com/wi/config/10143699.json' from origin 'https://www.scribd.com' has been blocked by CORS policy: No 'Access-Control-Allow-Origin' header is present on the requested resource.", source: https://www.scribd.com/docs (0)
[19183:19183:0117/125359.884387:INFO:CONSOLE(2)] "Opti: Disabled Snippet", source: https://browser.sentry-cdn.com/7.19.0/bundle.min.js (2)
[19183:19183:0117/125359.884492:INFO:CONSOLE(2)] "Opti: The URL does not contain 'try.scribd.com' or 'prueba.scribd.com'", source: https://browser.sentry-cdn.com/7.19.0/bundle.min.js (2)
[19183:19183:0117/125359.884835:INFO:CONSOLE(2)] "Opti: The cookie does not exist.", source: https://browser.sentry-cdn.com/7.19.0/bundle.min.js (2)
[19183:19183:0117/125359.884869:INFO:CONSOLE(2)] "Opti: Disabled Snippet", source: https://browser.sentry-cdn.com/7.19.0/bundle.min.js (2)
[19183:19183:0117/125403.597274:INFO:CONSOLE(0)] "Access to XMLHttpRequest at 'https://s.yimg.com/wi/config/10143699.json' from origin 'https://www.scribd.com' has been blocked by CORS policy: No 'Access-Control-Allow-Origin' header is present on the requested resource.", source: https://www.scribd.com/search?query=health%20insurance%20medical%20coverage%20injuries (0)
[19183:19183:0117/125403.614665:INFO:CONSOLE(17)] "Opti: Disabled Snippet", source: https://cdn.optimizely.com/js/24721610109.js (17)
[19183:19183:0117/125403.614791:INFO:CONSOLE(23)] "Opti: The URL does not contain 'try.scribd.com' or 'prueba.scribd.com'", source: https://cdn.optimizely.com/js/24721610109.js (23)
[19183:19183:0117/125403.614892:INFO:CONSOLE(25)] "Opti: The cookie does not exist.", source: https://cdn.optimizely.com/js/24721610109.js (25)
[19183:19183:0117/125403.614941:INFO:CONSOLE(17)] "Opti: Disabled Snippet", source: https://cdn.optimizely.com/js/24721610109.js (17)
[19183:19183:0117/125415.962576:INFO:CONSOLE(0)] "Access to XMLHttpRequest at 'https://s.yimg.com/wi/config/10143699.json' from origin 'https://www.scribd.com' has been blocked by CORS policy: No 'Access-Control-Allow-Origin' header is present on the requested resource.", source: https://www.scribd.com/docs (0)
[19183:19183:0117/125416.130823:INFO:CONSOLE(2)] "Opti: Disabled Snippet", source: https://browser.sentry-cdn.com/7.19.0/bundle.min.js (2)
[19183:19183:0117/125416.130964:INFO:CONSOLE(2)] "Opti: The URL does not contain 'try.scribd.com' or 'prueba.scribd.com'", source: https://browser.sentry-cdn.com/7.19.0/bundle.min.js (2)
[19183:19183:0117/125416.131191:INFO:CONSOLE(2)] "Opti: The cookie does not exist.", source: https://browser.sentry-cdn.com/7.19.0/bundle.min.js (2)
[19183:19183:0117/125416.131434:INFO:CONSOLE(2)] "Opti: Disabled Snippet", source: https://browser.sentry-cdn.com/7.19.0/bundle.min.js (2)
[19183:19183:0117/125419.944125:INFO:CONSOLE(17)] "Opti: Disabled Snippet", source: https://cdn.optimizely.com/js/24721610109.js (17)
[19183:19183:0117/125419.944225:INFO:CONSOLE(23)] "Opti: The URL does not contain 'try.scribd.com' or 'prueba.scribd.com'", source: https://cdn.optimizely.com/js/24721610109.js (23)
[19183:19183:0117/125419.944413:INFO:CONSOLE(25)] "Opti: The cookie does not exist.", source: https://cdn.optimizely.com/js/24721610109.js (25)
[19183:19183:0117/125419.944451:INFO:CONSOLE(17)] "Opti: Disabled Snippet", source: https://cdn.optimizely.com/js/24721610109.js (17)
[19183:19183:0117/125419.948759:INFO:CONSOLE(0)] "Access to XMLHttpRequest at 'https://s.yimg.com/wi/config/10143699.json' from origin 'https://www.scribd.com' has been blocked by CORS policy: No 'Access-Control-Allow-Origin' header is present on the requested resource.", source: https://www.scribd.com/search?query=health%20insurance%20medical%20medical%20expenses (0)
[20064:20064:0117/125427.401583:ERROR:gpu_blocklist.cc(71)] Unable to get gpu adapter
[19183:19183:0117/125431.793722:INFO:CONSOLE(0)] "Access to XMLHttpRequest at 'https://s.yimg.com/wi/config/10143699.json' from origin 'https://www.scribd.com' has been blocked by CORS policy: No 'Access-Control-Allow-Origin' header is present on the requested resource.", source: https://www.scribd.com/docs (0)
[19183:19183:0117/125431.968496:INFO:CONSOLE(2)] "Opti: Disabled Snippet", source: https://browser.sentry-cdn.com/7.19.0/bundle.min.js (2)
[19183:19183:0117/125431.968567:INFO:CONSOLE(2)] "Opti: The URL does not contain 'try.scribd.com' or 'prueba.scribd.com'", source: https://browser.sentry-cdn.com/7.19.0/bundle.min.js (2)
[19183:19183:0117/125431.968765:INFO:CONSOLE(2)] "Opti: The cookie does not exist.", source: https://browser.sentry-cdn.com/7.19.0/bundle.min.js (2)
[19183:19183:0117/125431.968790:INFO:CONSOLE(2)] "Opti: Disabled Snippet", source: https://browser.sentry-cdn.com/7.19.0/bundle.min.js (2)
[19183:19183:0117/125434.965579:INFO:CONSOLE(17)] "Opti: Disabled Snippet", source: https://cdn.optimizely.com/js/24721610109.js (17)
[19183:19183:0117/125434.965640:INFO:CONSOLE(23)] "Opti: The URL does not contain 'try.scribd.com' or 'prueba.scribd.com'", source: https://cdn.optimizely.com/js/24721610109.js (23)
[19183:19183:0117/125434.965782:INFO:CONSOLE(25)] "Opti: The cookie does not exist.", source: https://cdn.optimizely.com/js/24721610109.js (25)
[19183:19183:0117/125434.965818:INFO:CONSOLE(17)] "Opti: Disabled Snippet", source: https://cdn.optimizely.com/js/24721610109.js (17)
[19183:19183:0117/125434.972245:INFO:CONSOLE(0)] "Access to XMLHttpRequest at 'https://s.yimg.com/wi/config/10143699.json' from origin 'https://www.scribd.com' has been blocked by CORS policy: No 'Access-Control-Allow-Origin' header is present on the requested resource.", source: https://www.scribd.com/search?query=medical%20injuries%20conditions (0)
[19183:19183:0117/125447.528105:INFO:CONSOLE(0)] "Access to XMLHttpRequest at 'https://s.yimg.com/wi/config/10143699.json' from origin 'https://www.scribd.com' has been blocked by CORS policy: No 'Access-Control-Allow-Origin' header is present on the requested resource.", source: https://www.scribd.com/docs (0)
[19183:19183:0117/125447.781112:INFO:CONSOLE(2)] "Opti: Disabled Snippet", source: https://browser.sentry-cdn.com/7.19.0/bundle.min.js (2)
[19183:19183:0117/125447.781195:INFO:CONSOLE(2)] "Opti: The URL does not contain 'try.scribd.com' or 'prueba.scribd.com'", source: https://browser.sentry-cdn.com/7.19.0/bundle.min.js (2)
[19183:19183:0117/125447.781372:INFO:CONSOLE(2)] "Opti: The cookie does not exist.", source: https://browser.sentry-cdn.com/7.19.0/bundle.min.js (2)
[19183:19183:0117/125447.781422:INFO:CONSOLE(2)] "Opti: Disabled Snippet", source: https://browser.sentry-cdn.com/7.19.0/bundle.min.js (2)
[19249:19290:0117/125450.784178:WARNING:spdy_session.cc(2975)] Received HEADERS for invalid stream 427
[19183:19183:0117/125451.491668:INFO:CONSOLE(17)] "Opti: Disabled Snippet", source: https://cdn.optimizely.com/js/24721610109.js (17)
[19183:19183:0117/125451.491769:INFO:CONSOLE(23)] "Opti: The URL does not contain 'try.scribd.com' or 'prueba.scribd.com'", source: https://cdn.optimizely.com/js/24721610109.js (23)
[19183:19183:0117/125451.491840:INFO:CONSOLE(25)] "Opti: The cookie does not exist.", source: https://cdn.optimizely.com/js/24721610109.js (25)
[19183:19183:0117/125451.491869:INFO:CONSOLE(17)] "Opti: Disabled Snippet", source: https://cdn.optimizely.com/js/24721610109.js (17)
[19183:19183:0117/125451.498573:INFO:CONSOLE(0)] "Access to XMLHttpRequest at 'https://s.yimg.com/wi/config/10143699.json' from origin 'https://www.scribd.com' has been blocked by CORS policy: No 'Access-Control-Allow-Origin' header is present on the requested resource.", source: https://www.scribd.com/search?query=health%20insurance%20medical%20coverage%20illnesses (0)
[19183:19183:0117/125504.163247:INFO:CONSOLE(0)] "Access to XMLHttpRequest at 'https://s.yimg.com/wi/config/10143699.json' from origin 'https://www.scribd.com' has been blocked by CORS policy: No 'Access-Control-Allow-Origin' header is present on the requested resource.", source: https://www.scribd.com/docs (0)
[19183:19183:0117/125504.251778:INFO:CONSOLE(2)] "Opti: Disabled Snippet", source: https://browser.sentry-cdn.com/7.19.0/bundle.min.js (2)
[19183:19183:0117/125504.251848:INFO:CONSOLE(2)] "Opti: The URL does not contain 'try.scribd.com' or 'prueba.scribd.com'", source: https://browser.sentry-cdn.com/7.19.0/bundle.min.js (2)
[19183:19183:0117/125504.252067:INFO:CONSOLE(2)] "Opti: The cookie does not exist.", source: https://browser.sentry-cdn.com/7.19.0/bundle.min.js (2)
[19183:19183:0117/125504.252098:INFO:CONSOLE(2)] "Opti: Disabled Snippet", source: https://browser.sentry-cdn.com/7.19.0/bundle.min.js (2)
[19183:19183:0117/125508.076564:INFO:CONSOLE(0)] "Access to XMLHttpRequest at 'https://s.yimg.com/wi/config/10143699.json' from origin 'https://www.scribd.com' has been blocked by CORS policy: No 'Access-Control-Allow-Origin' header is present on the requested resource.", source: https://www.scribd.com/search?query=medical%20covers%20conditions (0)
[19183:19183:0117/125508.109551:INFO:CONSOLE(17)] "Opti: Disabled Snippet", source: https://cdn.optimizely.com/js/24721610109.js (17)
[19183:19183:0117/125508.109624:INFO:CONSOLE(23)] "Opti: The URL does not contain 'try.scribd.com' or 'prueba.scribd.com'", source: https://cdn.optimizely.com/js/24721610109.js (23)
[19183:19183:0117/125508.109820:INFO:CONSOLE(25)] "Opti: The cookie does not exist.", source: https://cdn.optimizely.com/js/24721610109.js (25)
[19183:19183:0117/125508.109848:INFO:CONSOLE(17)] "Opti: Disabled Snippet", source: https://cdn.optimizely.com/js/24721610109.js (17)
[19183:19183:0117/125521.012629:INFO:CONSOLE(12)] "Access to XMLHttpRequest at 'https://s.yimg.com/wi/config/10143699.json' from origin 'https://www.scribd.com' has been blocked by CORS policy: No 'Access-Control-Allow-Origin' header is present on the requested resource.", source: https://www.scribd.com/docs (12)
[19183:19183:0117/125521.266540:INFO:CONSOLE(2)] "Opti: Disabled Snippet", source: https://browser.sentry-cdn.com/7.19.0/bundle.min.js (2)
[19183:19183:0117/125521.266610:INFO:CONSOLE(2)] "Opti: The URL does not contain 'try.scribd.com' or 'prueba.scribd.com'", source: https://browser.sentry-cdn.com/7.19.0/bundle.min.js (2)
[19183:19183:0117/125521.266817:INFO:CONSOLE(2)] "Opti: The cookie does not exist.", source: https://browser.sentry-cdn.com/7.19.0/bundle.min.js (2)
[19183:19183:0117/125521.266845:INFO:CONSOLE(2)] "Opti: Disabled Snippet", source: https://browser.sentry-cdn.com/7.19.0/bundle.min.js (2)
[19183:19183:0117/125525.186483:INFO:CONSOLE(17)] "Opti: Disabled Snippet", source: https://cdn.optimizely.com/js/24721610109.js (17)
[19183:19183:0117/125525.186552:INFO:CONSOLE(23)] "Opti: The URL does not contain 'try.scribd.com' or 'prueba.scribd.com'", source: https://cdn.optimizely.com/js/24721610109.js (23)
[19183:19183:0117/125525.186699:INFO:CONSOLE(25)] "Opti: The cookie does not exist.", source: https://cdn.optimizely.com/js/24721610109.js (25)
[19183:19183:0117/125525.186725:INFO:CONSOLE(17)] "Opti: Disabled Snippet", source: https://cdn.optimizely.com/js/24721610109.js (17)
[19183:19183:0117/125525.188280:INFO:CONSOLE(0)] "Access to XMLHttpRequest at 'https://s.yimg.com/wi/config/10143699.json' from origin 'https://www.scribd.com' has been blocked by CORS policy: No 'Access-Control-Allow-Origin' header is present on the requested resource.", source: https://www.scribd.com/search?query=medical%20insurance%20illnesses (0)
[19183:19183:0117/125537.498725:INFO:CONSOLE(0)] "Access to XMLHttpRequest at 'https://s.yimg.com/wi/config/10143699.json' from origin 'https://www.scribd.com' has been blocked by CORS policy: No 'Access-Control-Allow-Origin' header is present on the requested resource.", source: https://www.scribd.com/docs (0)
[19183:19183:0117/125537.631761:INFO:CONSOLE(2)] "Opti: Disabled Snippet", source: https://browser.sentry-cdn.com/7.19.0/bundle.min.js (2)
[19183:19183:0117/125537.631849:INFO:CONSOLE(2)] "Opti: The URL does not contain 'try.scribd.com' or 'prueba.scribd.com'", source: https://browser.sentry-cdn.com/7.19.0/bundle.min.js (2)
[19183:19183:0117/125537.632071:INFO:CONSOLE(2)] "Opti: The cookie does not exist.", source: https://browser.sentry-cdn.com/7.19.0/bundle.min.js (2)
[19183:19183:0117/125537.632101:INFO:CONSOLE(2)] "Opti: Disabled Snippet", source: https://browser.sentry-cdn.com/7.19.0/bundle.min.js (2)
[19183:19183:0117/125541.638032:INFO:CONSOLE(0)] "Access to XMLHttpRequest at 'https://s.yimg.com/wi/config/10143699.json' from origin 'https://www.scribd.com' has been blocked by CORS policy: No 'Access-Control-Allow-Origin' header is present on the requested resource.", source: https://www.scribd.com/search?query=health%20insurance%20medical%20policy%20medical%20expenses (0)
[19183:19183:0117/125541.659291:INFO:CONSOLE(17)] "Opti: Disabled Snippet", source: https://cdn.optimizely.com/js/24721610109.js (17)
[19183:19183:0117/125541.659359:INFO:CONSOLE(23)] "Opti: The URL does not contain 'try.scribd.com' or 'prueba.scribd.com'", source: https://cdn.optimizely.com/js/24721610109.js (23)
[19183:19183:0117/125541.659506:INFO:CONSOLE(25)] "Opti: The cookie does not exist.", source: https://cdn.optimizely.com/js/24721610109.js (25)
[19183:19183:0117/125541.659533:INFO:CONSOLE(17)] "Opti: Disabled Snippet", source: https://cdn.optimizely.com/js/24721610109.js (17)
[19183:19183:0117/125553.569604:INFO:CONSOLE(12)] "Access to XMLHttpRequest at 'https://s.yimg.com/wi/config/10143699.json' from origin 'https://www.scribd.com' has been blocked by CORS policy: No 'Access-Control-Allow-Origin' header is present on the requested resource.", source: https://www.scribd.com/docs (12)
[19183:19183:0117/125553.778286:INFO:CONSOLE(2)] "Opti: Disabled Snippet", source: https://browser.sentry-cdn.com/7.19.0/bundle.min.js (2)
[19183:19183:0117/125553.778353:INFO:CONSOLE(2)] "Opti: The URL does not contain 'try.scribd.com' or 'prueba.scribd.com'", source: https://browser.sentry-cdn.com/7.19.0/bundle.min.js (2)
[19183:19183:0117/125553.778623:INFO:CONSOLE(2)] "Opti: The cookie does not exist.", source: https://browser.sentry-cdn.com/7.19.0/bundle.min.js (2)
[19183:19183:0117/125553.778665:INFO:CONSOLE(2)] "Opti: Disabled Snippet", source: https://browser.sentry-cdn.com/7.19.0/bundle.min.js (2)
[19183:19183:0117/125611.709140:INFO:CONSOLE(0)] "Access to XMLHttpRequest at 'https://s.yimg.com/wi/config/10143699.json' from origin 'https://www.scribd.com' has been blocked by CORS policy: No 'Access-Control-Allow-Origin' header is present on the requested resource.", source: https://www.scribd.com/search?query=medical%20coverage%20injuries (0)
[19183:19183:0117/125611.731652:INFO:CONSOLE(17)] "Opti: Disabled Snippet", source: https://cdn.optimizely.com/js/24721610109.js (17)
[19183:19183:0117/125611.731723:INFO:CONSOLE(23)] "Opti: The URL does not contain 'try.scribd.com' or 'prueba.scribd.com'", source: https://cdn.optimizely.com/js/24721610109.js (23)
[19183:19183:0117/125611.731868:INFO:CONSOLE(25)] "Opti: The cookie does not exist.", source: https://cdn.optimizely.com/js/24721610109.js (25)
[19183:19183:0117/125611.731901:INFO:CONSOLE(17)] "Opti: Disabled Snippet", source: https://cdn.optimizely.com/js/24721610109.js (17)
[19183:19183:0117/125623.965218:INFO:CONSOLE(0)] "Access to XMLHttpRequest at 'https://s.yimg.com/wi/config/10143699.json' from origin 'https://www.scribd.com' has been blocked by CORS policy: No 'Access-Control-Allow-Origin' header is present on the requested resource.", source: https://www.scribd.com/docs (0)
[19183:19183:0117/125624.185293:INFO:CONSOLE(17)] "Opti: Disabled Snippet", source: https://cdn.optimizely.com/js/24721610109.js (17)
[19183:19183:0117/125624.185355:INFO:CONSOLE(23)] "Opti: The URL does not contain 'try.scribd.com' or 'prueba.scribd.com'", source: https://cdn.optimizely.com/js/24721610109.js (23)
[19183:19183:0117/125624.185554:INFO:CONSOLE(25)] "Opti: The cookie does not exist.", source: https://cdn.optimizely.com/js/24721610109.js (25)
[19183:19183:0117/125624.185587:INFO:CONSOLE(17)] "Opti: Disabled Snippet", source: https://cdn.optimizely.com/js/24721610109.js (17)
[19183:19183:0117/125628.069450:INFO:CONSOLE(0)] "Access to XMLHttpRequest at 'https://s.yimg.com/wi/config/10143699.json' from origin 'https://www.scribd.com' has been blocked by CORS policy: No 'Access-Control-Allow-Origin' header is present on the requested resource.", source: https://www.scribd.com/search?query=covers%20medical%20medical%20expenses (0)
[19183:19183:0117/125628.097521:INFO:CONSOLE(17)] "Opti: Disabled Snippet", source: https://cdn.optimizely.com/js/24721610109.js (17)
[19183:19183:0117/125628.097600:INFO:CONSOLE(23)] "Opti: The URL does not contain 'try.scribd.com' or 'prueba.scribd.com'", source: https://cdn.optimizely.com/js/24721610109.js (23)
[19183:19183:0117/125628.097761:INFO:CONSOLE(25)] "Opti: The cookie does not exist.", source: https://cdn.optimizely.com/js/24721610109.js (25)
[19183:19183:0117/125628.097815:INFO:CONSOLE(17)] "Opti: Disabled Snippet", source: https://cdn.optimizely.com/js/24721610109.js (17)
[19183:19183:0117/125639.936843:INFO:CONSOLE(0)] "Access to XMLHttpRequest at 'https://s.yimg.com/wi/config/10143699.json' from origin 'https://www.scribd.com' has been blocked by CORS policy: No 'Access-Control-Allow-Origin' header is present on the requested resource.", source: https://www.scribd.com/docs (0)
[19183:19183:0117/125639.988147:INFO:CONSOLE(2)] "Opti: Disabled Snippet", source: https://browser.sentry-cdn.com/7.19.0/bundle.min.js (2)
[19183:19183:0117/125639.988219:INFO:CONSOLE(2)] "Opti: The URL does not contain 'try.scribd.com' or 'prueba.scribd.com'", source: https://browser.sentry-cdn.com/7.19.0/bundle.min.js (2)
[19183:19183:0117/125639.988507:INFO:CONSOLE(2)] "Opti: The cookie does not exist.", source: https://browser.sentry-cdn.com/7.19.0/bundle.min.js (2)
[19183:19183:0117/125639.988543:INFO:CONSOLE(2)] "Opti: Disabled Snippet", source: https://browser.sentry-cdn.com/7.19.0/bundle.min.js (2)
[19183:19183:0117/125643.495893:INFO:CONSOLE(0)] "Access to XMLHttpRequest at 'https://s.yimg.com/wi/config/10143699.json' from origin 'https://www.scribd.com' has been blocked by CORS policy: No 'Access-Control-Allow-Origin' header is present on the requested resource.", source: https://www.scribd.com/search?query=medical%20policy%20conditions (0)
[19183:19183:0117/125643.583779:INFO:CONSOLE(17)] "Opti: Disabled Snippet", source: https://cdn.optimizely.com/js/24721610109.js (17)
[19183:19183:0117/125643.583845:INFO:CONSOLE(23)] "Opti: The URL does not contain 'try.scribd.com' or 'prueba.scribd.com'", source: https://cdn.optimizely.com/js/24721610109.js (23)
[19183:19183:0117/125643.583999:INFO:CONSOLE(25)] "Opti: The cookie does not exist.", source: https://cdn.optimizely.com/js/24721610109.js (25)
[19183:19183:0117/125643.584039:INFO:CONSOLE(17)] "Opti: Disabled Snippet", source: https://cdn.optimizely.com/js/24721610109.js (17)
[19183:19183:0117/125656.076394:INFO:CONSOLE(0)] "Access to XMLHttpRequest at 'https://s.yimg.com/wi/config/10143699.json' from origin 'https://www.scribd.com' has been blocked by CORS policy: No 'Access-Control-Allow-Origin' header is present on the requested resource.", source: https://www.scribd.com/docs (0)
[19183:19183:0117/125656.220003:INFO:CONSOLE(2)] "Opti: Disabled Snippet", source: https://browser.sentry-cdn.com/7.19.0/bundle.min.js (2)
[19183:19183:0117/125656.220084:INFO:CONSOLE(2)] "Opti: The URL does not contain 'try.scribd.com' or 'prueba.scribd.com'", source: https://browser.sentry-cdn.com/7.19.0/bundle.min.js (2)
[19183:19183:0117/125656.220273:INFO:CONSOLE(2)] "Opti: The cookie does not exist.", source: https://browser.sentry-cdn.com/7.19.0/bundle.min.js (2)
[19183:19183:0117/125656.220322:INFO:CONSOLE(2)] "Opti: Disabled Snippet", source: https://browser.sentry-cdn.com/7.19.0/bundle.min.js (2)
[19249:19290:0117/125658.781332:WARNING:spdy_session.cc(2975)] Received HEADERS for invalid stream 1145
[19249:19290:0117/125658.791029:WARNING:spdy_session.cc(2975)] Received HEADERS for invalid stream 1061
[19183:19183:0117/125659.749721:INFO:CONSOLE(17)] "Opti: Disabled Snippet", source: https://cdn.optimizely.com/js/24721610109.js (17)
[19183:19183:0117/125659.749780:INFO:CONSOLE(23)] "Opti: The URL does not contain 'try.scribd.com' or 'prueba.scribd.com'", source: https://cdn.optimizely.com/js/24721610109.js (23)
[19183:19183:0117/125659.749927:INFO:CONSOLE(25)] "Opti: The cookie does not exist.", source: https://cdn.optimizely.com/js/24721610109.js (25)
[19183:19183:0117/125659.749975:INFO:CONSOLE(17)] "Opti: Disabled Snippet", source: https://cdn.optimizely.com/js/24721610109.js (17)
[19183:19183:0117/125659.755843:INFO:CONSOLE(0)] "Access to XMLHttpRequest at 'https://s.yimg.com/wi/config/10143699.json' from origin 'https://www.scribd.com' has been blocked by CORS policy: No 'Access-Control-Allow-Origin' header is present on the requested resource.", source: https://www.scribd.com/search?query=medical%20insurance%20covers%20medical%20expenses (0)
[19183:19183:0117/125711.733698:INFO:CONSOLE(0)] "Access to XMLHttpRequest at 'https://s.yimg.com/wi/config/10143699.json' from origin 'https://www.scribd.com' has been blocked by CORS policy: No 'Access-Control-Allow-Origin' header is present on the requested resource.", source: https://www.scribd.com/docs (0)
[19183:19183:0117/125711.782490:INFO:CONSOLE(2)] "Opti: Disabled Snippet", source: https://browser.sentry-cdn.com/7.19.0/bundle.min.js (2)
[19183:19183:0117/125711.782573:INFO:CONSOLE(2)] "Opti: The URL does not contain 'try.scribd.com' or 'prueba.scribd.com'", source: https://browser.sentry-cdn.com/7.19.0/bundle.min.js (2)
[19183:19183:0117/125711.782736:INFO:CONSOLE(2)] "Opti: The cookie does not exist.", source: https://browser.sentry-cdn.com/7.19.0/bundle.min.js (2)
[19183:19183:0117/125711.782791:INFO:CONSOLE(2)] "Opti: Disabled Snippet", source: https://browser.sentry-cdn.com/7.19.0/bundle.min.js (2)
[19183:19183:0117/125716.371932:INFO:CONSOLE(0)] "Access to XMLHttpRequest at 'https://s.yimg.com/wi/config/10143699.json' from origin 'https://www.scribd.com' has been blocked by CORS policy: No 'Access-Control-Allow-Origin' header is present on the requested resource.", source: https://www.scribd.com/search?query=medical%20coverage%20illnesses (0)
[19183:19183:0117/125716.460899:INFO:CONSOLE(17)] "Opti: Disabled Snippet", source: https://cdn.optimizely.com/js/24721610109.js (17)
[19183:19183:0117/125716.460957:INFO:CONSOLE(23)] "Opti: The URL does not contain 'try.scribd.com' or 'prueba.scribd.com'", source: https://cdn.optimizely.com/js/24721610109.js (23)
[19183:19183:0117/125716.461118:INFO:CONSOLE(25)] "Opti: The cookie does not exist.", source: https://cdn.optimizely.com/js/24721610109.js (25)
[19183:19183:0117/125716.461171:INFO:CONSOLE(17)] "Opti: Disabled Snippet", source: https://cdn.optimizely.com/js/24721610109.js (17)
[19183:19183:0117/125729.040063:INFO:CONSOLE(0)] "Access to XMLHttpRequest at 'https://s.yimg.com/wi/config/10143699.json' from origin 'https://www.scribd.com' has been blocked by CORS policy: No 'Access-Control-Allow-Origin' header is present on the requested resource.", source: https://www.scribd.com/docs (0)
[19183:19183:0117/125729.085552:INFO:CONSOLE(2)] "Opti: Disabled Snippet", source: https://browser.sentry-cdn.com/7.19.0/bundle.min.js (2)
[19183:19183:0117/125729.085622:INFO:CONSOLE(2)] "Opti: The URL does not contain 'try.scribd.com' or 'prueba.scribd.com'", source: https://browser.sentry-cdn.com/7.19.0/bundle.min.js (2)
[19183:19183:0117/125729.085788:INFO:CONSOLE(2)] "Opti: The cookie does not exist.", source: https://browser.sentry-cdn.com/7.19.0/bundle.min.js (2)
[19183:19183:0117/125729.085821:INFO:CONSOLE(2)] "Opti: Disabled Snippet", source: https://browser.sentry-cdn.com/7.19.0/bundle.min.js (2)
[19183:19183:0117/125732.906970:INFO:CONSOLE(0)] "Access to XMLHttpRequest at 'https://s.yimg.com/wi/config/10143699.json' from origin 'https://www.scribd.com' has been blocked by CORS policy: No 'Access-Control-Allow-Origin' header is present on the requested resource.", source: https://www.scribd.com/search?query=medical%20covers%20illnesses (0)
[19183:19183:0117/125732.936412:INFO:CONSOLE(17)] "Opti: Disabled Snippet", source: https://cdn.optimizely.com/js/24721610109.js (17)
[19183:19183:0117/125732.936492:INFO:CONSOLE(23)] "Opti: The URL does not contain 'try.scribd.com' or 'prueba.scribd.com'", source: https://cdn.optimizely.com/js/24721610109.js (23)
[19183:19183:0117/125732.936663:INFO:CONSOLE(25)] "Opti: The cookie does not exist.", source: https://cdn.optimizely.com/js/24721610109.js (25)
[19183:19183:0117/125732.936699:INFO:CONSOLE(17)] "Opti: Disabled Snippet", source: https://cdn.optimizely.com/js/24721610109.js (17)
[19183:19183:0117/125745.600628:INFO:CONSOLE(0)] "Access to XMLHttpRequest at 'https://s.yimg.com/wi/config/10143699.json' from origin 'https://www.scribd.com' has been blocked by CORS policy: No 'Access-Control-Allow-Origin' header is present on the requested resource.", source: https://www.scribd.com/docs (0)
[19183:19183:0117/125745.651359:INFO:CONSOLE(2)] "Opti: Disabled Snippet", source: https://browser.sentry-cdn.com/7.19.0/bundle.min.js (2)
[19183:19183:0117/125745.651423:INFO:CONSOLE(2)] "Opti: The URL does not contain 'try.scribd.com' or 'prueba.scribd.com'", source: https://browser.sentry-cdn.com/7.19.0/bundle.min.js (2)
[19183:19183:0117/125745.651693:INFO:CONSOLE(2)] "Opti: The cookie does not exist.", source: https://browser.sentry-cdn.com/7.19.0/bundle.min.js (2)
[19183:19183:0117/125745.651728:INFO:CONSOLE(2)] "Opti: Disabled Snippet", source: https://browser.sentry-cdn.com/7.19.0/bundle.min.js (2)
[19183:19183:0117/125749.590594:INFO:CONSOLE(0)] "Access to XMLHttpRequest at 'https://s.yimg.com/wi/config/10143699.json' from origin 'https://www.scribd.com' has been blocked by CORS policy: No 'Access-Control-Allow-Origin' header is present on the requested resource.", source: https://www.scribd.com/search?query=medical%20medical%20expenses%20conditions (0)
[19183:19183:0117/125749.630572:INFO:CONSOLE(17)] "Opti: Disabled Snippet", source: https://cdn.optimizely.com/js/24721610109.js (17)
[19183:19183:0117/125749.630664:INFO:CONSOLE(23)] "Opti: The URL does not contain 'try.scribd.com' or 'prueba.scribd.com'", source: https://cdn.optimizely.com/js/24721610109.js (23)
[19183:19183:0117/125749.630788:INFO:CONSOLE(25)] "Opti: The cookie does not exist.", source: https://cdn.optimizely.com/js/24721610109.js (25)
[19183:19183:0117/125749.630839:INFO:CONSOLE(17)] "Opti: Disabled Snippet", source: https://cdn.optimizely.com/js/24721610109.js (17)
[19183:19183:0117/125802.952483:INFO:CONSOLE(0)] "Access to XMLHttpRequest at 'https://s.yimg.com/wi/config/10143699.json' from origin 'https://www.scribd.com' has been blocked by CORS policy: No 'Access-Control-Allow-Origin' header is present on the requested resource.", source: https://www.scribd.com/docs (0)
[19183:19183:0117/125803.000632:INFO:CONSOLE(2)] "Opti: Disabled Snippet", source: https://browser.sentry-cdn.com/7.19.0/bundle.min.js (2)
[19183:19183:0117/125803.000712:INFO:CONSOLE(2)] "Opti: The URL does not contain 'try.scribd.com' or 'prueba.scribd.com'", source: https://browser.sentry-cdn.com/7.19.0/bundle.min.js (2)
[19183:19183:0117/125803.000914:INFO:CONSOLE(2)] "Opti: The cookie does not exist.", source: https://browser.sentry-cdn.com/7.19.0/bundle.min.js (2)
[19183:19183:0117/125803.000955:INFO:CONSOLE(2)] "Opti: Disabled Snippet", source: https://browser.sentry-cdn.com/7.19.0/bundle.min.js (2)
[19183:19183:0117/125807.950001:INFO:CONSOLE(0)] "Access to XMLHttpRequest at 'https://s.yimg.com/wi/config/10143699.json' from origin 'https://www.scribd.com' has been blocked by CORS policy: No 'Access-Control-Allow-Origin' header is present on the requested resource.", source: https://www.scribd.com/search?query=health%20insurance%20medical%20insurance%20conditions (0)
[19183:19183:0117/125807.971480:INFO:CONSOLE(17)] "Opti: Disabled Snippet", source: https://cdn.optimizely.com/js/24721610109.js (17)
[19183:19183:0117/125807.971555:INFO:CONSOLE(23)] "Opti: The URL does not contain 'try.scribd.com' or 'prueba.scribd.com'", source: https://cdn.optimizely.com/js/24721610109.js (23)
[19183:19183:0117/125807.971705:INFO:CONSOLE(25)] "Opti: The cookie does not exist.", source: https://cdn.optimizely.com/js/24721610109.js (25)
[19183:19183:0117/125807.971744:INFO:CONSOLE(17)] "Opti: Disabled Snippet", source: https://cdn.optimizely.com/js/24721610109.js (17)
[19183:19183:0117/125820.308654:INFO:CONSOLE(0)] "Access to XMLHttpRequest at 'https://s.yimg.com/wi/config/10143699.json' from origin 'https://www.scribd.com' has been blocked by CORS policy: No 'Access-Control-Allow-Origin' header is present on the requested resource.", source: https://www.scribd.com/docs (0)
[19183:19183:0117/125820.357909:INFO:CONSOLE(2)] "Opti: Disabled Snippet", source: https://browser.sentry-cdn.com/7.19.0/bundle.min.js (2)
[19183:19183:0117/125820.357977:INFO:CONSOLE(2)] "Opti: The URL does not contain 'try.scribd.com' or 'prueba.scribd.com'", source: https://browser.sentry-cdn.com/7.19.0/bundle.min.js (2)
[19183:19183:0117/125820.358003:INFO:CONSOLE(2)] "Opti: The cookie does not exist.", source: https://browser.sentry-cdn.com/7.19.0/bundle.min.js (2)
[19183:19183:0117/125820.358032:INFO:CONSOLE(2)] "Opti: Disabled Snippet", source: https://browser.sentry-cdn.com/7.19.0/bundle.min.js (2)
[19183:19183:0117/125824.495721:INFO:CONSOLE(0)] "Access to XMLHttpRequest at 'https://s.yimg.com/wi/config/10143699.json' from origin 'https://www.scribd.com' has been blocked by CORS policy: No 'Access-Control-Allow-Origin' header is present on the requested resource.", source: https://www.scribd.com/search?query=health%20insurance%20medical%20insurance%20injuries (0)
[19183:19183:0117/125824.520700:INFO:CONSOLE(17)] "Opti: Disabled Snippet", source: https://cdn.optimizely.com/js/24721610109.js (17)
[19183:19183:0117/125824.520798:INFO:CONSOLE(23)] "Opti: The URL does not contain 'try.scribd.com' or 'prueba.scribd.com'", source: https://cdn.optimizely.com/js/24721610109.js (23)
[19183:19183:0117/125824.520948:INFO:CONSOLE(25)] "Opti: The cookie does not exist.", source: https://cdn.optimizely.com/js/24721610109.js (25)
[19183:19183:0117/125824.521003:INFO:CONSOLE(17)] "Opti: Disabled Snippet", source: https://cdn.optimizely.com/js/24721610109.js (17)
[19183:19183:0117/125836.474828:INFO:CONSOLE(0)] "Access to XMLHttpRequest at 'https://s.yimg.com/wi/config/10143699.json' from origin 'https://www.scribd.com' has been blocked by CORS policy: No 'Access-Control-Allow-Origin' header is present on the requested resource.", source: https://www.scribd.com/docs (0)
[19183:19183:0117/125836.647768:INFO:CONSOLE(2)] "Opti: Disabled Snippet", source: https://browser.sentry-cdn.com/7.19.0/bundle.min.js (2)
[19183:19183:0117/125836.647845:INFO:CONSOLE(2)] "Opti: The URL does not contain 'try.scribd.com' or 'prueba.scribd.com'", source: https://browser.sentry-cdn.com/7.19.0/bundle.min.js (2)
[19183:19183:0117/125836.647990:INFO:CONSOLE(2)] "Opti: The cookie does not exist.", source: https://browser.sentry-cdn.com/7.19.0/bundle.min.js (2)
[19183:19183:0117/125836.648034:INFO:CONSOLE(2)] "Opti: Disabled Snippet", source: https://browser.sentry-cdn.com/7.19.0/bundle.min.js (2)
[19183:19183:0117/125840.450138:INFO:CONSOLE(0)] "Access to XMLHttpRequest at 'https://s.yimg.com/wi/config/10143699.json' from origin 'https://www.scribd.com' has been blocked by CORS policy: No 'Access-Control-Allow-Origin' header is present on the requested resource.", source: https://www.scribd.com/search?query=medical%20covers%20medical%20expenses (0)
[19183:19183:0117/125840.473110:INFO:CONSOLE(17)] "Opti: Disabled Snippet", source: https://cdn.optimizely.com/js/24721610109.js (17)
[19183:19183:0117/125840.473184:INFO:CONSOLE(23)] "Opti: The URL does not contain 'try.scribd.com' or 'prueba.scribd.com'", source: https://cdn.optimizely.com/js/24721610109.js (23)
[19183:19183:0117/125840.473307:INFO:CONSOLE(25)] "Opti: The cookie does not exist.", source: https://cdn.optimizely.com/js/24721610109.js (25)
[19183:19183:0117/125840.473344:INFO:CONSOLE(17)] "Opti: Disabled Snippet", source: https://cdn.optimizely.com/js/24721610109.js (17)
[19183:19183:0117/125852.591279:INFO:CONSOLE(0)] "Access to XMLHttpRequest at 'https://s.yimg.com/wi/config/10143699.json' from origin 'https://www.scribd.com' has been blocked by CORS policy: No 'Access-Control-Allow-Origin' header is present on the requested resource.", source: https://www.scribd.com/docs (0)
[19183:19183:0117/125852.639265:INFO:CONSOLE(2)] "Opti: Disabled Snippet", source: https://browser.sentry-cdn.com/7.19.0/bundle.min.js (2)
[19183:19183:0117/125852.639338:INFO:CONSOLE(2)] "Opti: The URL does not contain 'try.scribd.com' or 'prueba.scribd.com'", source: https://browser.sentry-cdn.com/7.19.0/bundle.min.js (2)
[19183:19183:0117/125852.639553:INFO:CONSOLE(2)] "Opti: The cookie does not exist.", source: https://browser.sentry-cdn.com/7.19.0/bundle.min.js (2)
[19183:19183:0117/125852.639590:INFO:CONSOLE(2)] "Opti: Disabled Snippet", source: https://browser.sentry-cdn.com/7.19.0/bundle.min.js (2)
[19183:19183:0117/125856.349115:INFO:CONSOLE(0)] "Access to XMLHttpRequest at 'https://s.yimg.com/wi/config/10143699.json' from origin 'https://www.scribd.com' has been blocked by CORS policy: No 'Access-Control-Allow-Origin' header is present on the requested resource.", source: https://www.scribd.com/search?query=medical%20policy%20illnesses (0)
[19183:19183:0117/125856.376716:INFO:CONSOLE(17)] "Opti: Disabled Snippet", source: https://cdn.optimizely.com/js/24721610109.js (17)
[19183:19183:0117/125856.376795:INFO:CONSOLE(23)] "Opti: The URL does not contain 'try.scribd.com' or 'prueba.scribd.com'", source: https://cdn.optimizely.com/js/24721610109.js (23)
[19183:19183:0117/125856.376941:INFO:CONSOLE(25)] "Opti: The cookie does not exist.", source: https://cdn.optimizely.com/js/24721610109.js (25)
[19183:19183:0117/125856.376967:INFO:CONSOLE(17)] "Opti: Disabled Snippet", source: https://cdn.optimizely.com/js/24721610109.js (17)
